[02-May-2025 15:39:13 Europe/Berlin] Khalti callback received: {"status":"Completed","t":"txn","idx":"FayqQYeEZydBuLzCgrRGLh","token":"5yjVU3HA7KsF3nXE4t22z6","bank_reference":"None","amount":"10000","mobile":"98XXXXX002","transaction_id":"FayqQYeEZydBuLzCgrRGLh","tidx":"FayqQYeEZydBuLzCgrRGLh","total_amount":"10000","purchase_order_id":"ORDER-1746193120-78","purchase_order_name":"admin","pidx":"rBjpNdAgyiSwSQKZGnqu6S"}
[02-May-2025 15:39:13 Europe/Berlin] Session state: {"pidx":"rBjpNdAgyiSwSQKZGnqu6S","order_id":78,"purchase_order_id":"ORDER-1746193120-78","initiated_at":1746193121}
[02-May-2025 15:39:13 Europe/Berlin] Processing payment with pidx: rBjpNdAgyiSwSQKZGnqu6S
[02-May-2025 15:39:13 Europe/Berlin] Found order_id in session: 78
[02-May-2025 15:39:14 Europe/Berlin] Khalti Verification Response (HTTP 200): {"pidx":"rBjpNdAgyiSwSQKZGnqu6S","total_amount":10000,"status":"Completed","transaction_id":"FayqQYeEZydBuLzCgrRGLh","fee":300,"refunded":false}
[02-May-2025 15:39:14 Europe/Berlin] Payment successful. Transaction ID: FayqQYeEZydBuLzCgrRGLh
[02-May-2025 15:39:14 Europe/Berlin] Order status updated successfully
[02-May-2025 15:39:14 Europe/Berlin] Updating book quantity: Book ID=15, Quantity=1
[02-May-2025 15:39:14 Europe/Berlin] Updated book #15 inventory after payment verification
[02-May-2025 15:39:14 Europe/Berlin] Khalti callback received: {"order_id":"78","status":"success"}
[02-May-2025 15:39:14 Europe/Berlin] Session state: Not set
[02-May-2025 15:39:14 Europe/Berlin] Khalti callback received: []
[02-May-2025 15:39:14 Europe/Berlin] Session state: Not set
[02-May-2025 15:39:14 Europe/Berlin] Khalti callback received: []
[02-May-2025 15:39:14 Europe/Berlin] Session state: Not set
[02-May-2025 15:39:14 Europe/Berlin] Khalti callback received: []
[02-May-2025 15:39:14 Europe/Berlin] Session state: Not set
[02-May-2025 15:39:14 Europe/Berlin] Khalti callback received: []
[02-May-2025 15:39:14 Europe/Berlin] Session state: Not set
[02-May-2025 15:39:14 Europe/Berlin] Khalti callback received: []
[02-May-2025 15:39:14 Europe/Berlin] Session state: Not set
[02-May-2025 15:39:14 Europe/Berlin] Khalti callback received: []
[02-May-2025 15:39:14 Europe/Berlin] Session state: Not set
[02-May-2025 15:39:14 Europe/Berlin] Khalti callback received: []
[02-May-2025 15:39:14 Europe/Berlin] Session state: Not set
[02-May-2025 15:39:14 Europe/Berlin] Khalti callback received: []
[02-May-2025 15:39:14 Europe/Berlin] Session state: Not set
[02-May-2025 15:39:14 Europe/Berlin] Khalti callback received: []
[02-May-2025 15:39:14 Europe/Berlin] Session state: Not set
[02-May-2025 15:39:14 Europe/Berlin] Khalti callback received: []
[02-May-2025 15:39:14 Europe/Berlin] Session state: Not set
[02-May-2025 15:39:14 Europe/Berlin] Khalti callback received: []
[02-May-2025 15:39:14 Europe/Berlin] Session state: Not set
[02-May-2025 15:39:14 Europe/Berlin] Khalti callback received: []
[02-May-2025 15:39:14 Europe/Berlin] Session state: Not set
[02-May-2025 15:39:14 Europe/Berlin] Khalti callback received: []
[02-May-2025 15:39:14 Europe/Berlin] Session state: Not set
[02-May-2025 15:39:14 Europe/Berlin] Khalti callback received: []
[02-May-2025 15:39:14 Europe/Berlin] Session state: Not set
[02-May-2025 15:39:14 Europe/Berlin] Khalti callback received: []
[02-May-2025 15:39:14 Europe/Berlin] Session state: Not set
[02-May-2025 15:39:14 Europe/Berlin] Khalti callback received: []
[02-May-2025 15:39:14 Europe/Berlin] Session state: Not set
[02-May-2025 15:39:14 Europe/Berlin] Khalti callback received: []
[02-May-2025 15:39:14 Europe/Berlin] Session state: Not set
[02-May-2025 15:39:14 Europe/Berlin] Khalti callback received: []
[02-May-2025 15:39:14 Europe/Berlin] Session state: Not set
[02-May-2025 15:39:15 Europe/Berlin] Khalti callback received: []
[02-May-2025 15:39:15 Europe/Berlin] Session state: Not set
[02-May-2025 15:39:15 Europe/Berlin] Khalti callback received: []
[02-May-2025 15:39:15 Europe/Berlin] Session state: Not set
[02-May-2025 15:39:15 Europe/Berlin] Khalti callback received: []
[02-May-2025 15:39:15 Europe/Berlin] Session state: Not set
[02-May-2025 15:39:15 Europe/Berlin] Khalti callback received: []
[02-May-2025 15:39:15 Europe/Berlin] Session state: Not set
[02-May-2025 15:39:15 Europe/Berlin] Khalti callback received: []
[02-May-2025 15:39:15 Europe/Berlin] Session state: Not set
[02-May-2025 15:39:15 Europe/Berlin] Khalti callback received: []
[02-May-2025 15:39:15 Europe/Berlin] Session state: Not set
[02-May-2025 15:39:15 Europe/Berlin] Khalti callback received: []
[02-May-2025 15:39:15 Europe/Berlin] Session state: Not set
[02-May-2025 15:39:15 Europe/Berlin] Khalti callback received: []
[02-May-2025 15:39:15 Europe/Berlin] Session state: Not set
[02-May-2025 15:39:15 Europe/Berlin] Khalti callback received: []
[02-May-2025 15:39:15 Europe/Berlin] Session state: Not set
[02-May-2025 15:39:15 Europe/Berlin] Khalti callback received: []
[02-May-2025 15:39:15 Europe/Berlin] Session state: Not set
[02-May-2025 15:39:15 Europe/Berlin] Khalti callback received: []
[02-May-2025 15:39:15 Europe/Berlin] Session state: Not set
[02-May-2025 15:39:15 Europe/Berlin] Khalti callback received: []
[02-May-2025 15:39:15 Europe/Berlin] Session state: Not set
[02-May-2025 15:39:15 Europe/Berlin] Khalti callback received: []
[02-May-2025 15:39:15 Europe/Berlin] Session state: Not set
[02-May-2025 15:39:15 Europe/Berlin] Khalti callback received: []
[02-May-2025 15:39:15 Europe/Berlin] Session state: Not set
[02-May-2025 15:39:15 Europe/Berlin] Khalti callback received: []
[02-May-2025 15:39:15 Europe/Berlin] Session state: Not set
[02-May-2025 15:39:16 Europe/Berlin] Khalti callback received: []
[02-May-2025 15:39:16 Europe/Berlin] Session state: Not set
[02-May-2025 15:39:16 Europe/Berlin] Khalti callback received: []
[02-May-2025 15:39:16 Europe/Berlin] Session state: Not set
[02-May-2025 15:39:16 Europe/Berlin] Khalti callback received: []
[02-May-2025 15:39:16 Europe/Berlin] Session state: Not set
[02-May-2025 15:39:16 Europe/Berlin] Khalti callback received: []
[02-May-2025 15:39:16 Europe/Berlin] Session state: Not set
[02-May-2025 15:39:16 Europe/Berlin] Khalti callback received: []
[02-May-2025 15:39:16 Europe/Berlin] Session state: Not set
[02-May-2025 15:39:21 Europe/Berlin] Khalti callback received: []
[02-May-2025 15:39:21 Europe/Berlin] Session state: Not set
[02-May-2025 15:39:21 Europe/Berlin] Khalti callback received: []
[02-May-2025 15:39:21 Europe/Berlin] Session state: Not set
[02-May-2025 15:39:21 Europe/Berlin] Khalti callback received: []
[02-May-2025 15:39:21 Europe/Berlin] Session state: Not set
[02-May-2025 15:39:21 Europe/Berlin] Khalti callback received: []
[02-May-2025 15:39:21 Europe/Berlin] Session state: Not set
[02-May-2025 15:39:21 Europe/Berlin] Khalti callback received: []
[02-May-2025 15:39:21 Europe/Berlin] Session state: Not set
[02-May-2025 15:39:21 Europe/Berlin] Khalti callback received: []
[02-May-2025 15:39:21 Europe/Berlin] Session state: Not set
[02-May-2025 15:39:21 Europe/Berlin] Khalti callback received: []
[02-May-2025 15:39:21 Europe/Berlin] Session state: Not set
[02-May-2025 15:39:21 Europe/Berlin] Khalti callback received: []
[02-May-2025 15:39:21 Europe/Berlin] Session state: Not set
[02-May-2025 15:39:21 Europe/Berlin] Khalti callback received: []
[02-May-2025 15:39:21 Europe/Berlin] Session state: Not set
[02-May-2025 15:39:21 Europe/Berlin] Khalti callback received: []
[02-May-2025 15:39:21 Europe/Berlin] Session state: Not set
[02-May-2025 15:39:21 Europe/Berlin] Khalti callback received: []
[02-May-2025 15:39:21 Europe/Berlin] Session state: Not set
[02-May-2025 15:39:21 Europe/Berlin] Khalti callback received: []
[02-May-2025 15:39:21 Europe/Berlin] Session state: Not set
[02-May-2025 15:39:21 Europe/Berlin] Khalti callback received: []
[02-May-2025 15:39:21 Europe/Berlin] Session state: Not set
[02-May-2025 15:39:21 Europe/Berlin] Khalti callback received: []
[02-May-2025 15:39:21 Europe/Berlin] Session state: Not set
[02-May-2025 15:39:21 Europe/Berlin] Khalti callback received: []
[02-May-2025 15:39:21 Europe/Berlin] Session state: Not set
[02-May-2025 15:39:21 Europe/Berlin] Khalti callback received: []
[02-May-2025 15:39:21 Europe/Berlin] Session state: Not set
[02-May-2025 15:39:21 Europe/Berlin] Khalti callback received: []
[02-May-2025 15:39:21 Europe/Berlin] Session state: Not set
[02-May-2025 15:39:21 Europe/Berlin] Khalti callback received: []
[02-May-2025 15:39:21 Europe/Berlin] Session state: Not set
[02-May-2025 15:39:21 Europe/Berlin] Khalti callback received: []
[02-May-2025 15:39:21 Europe/Berlin] Session state: Not set
[02-May-2025 15:39:21 Europe/Berlin] Khalti callback received: []
[02-May-2025 15:39:21 Europe/Berlin] Session state: Not set
